# JRE version: Java(TM) SE Runtime Environment (8.0_40-b25) (build 1.8.0_40-b25)
# Java VM: Java HotSpot(TM) 64-Bit Server VM (25.40-b25 mixed mode windows-amd64 compressed oops)
Heap:
 PSYoungGen      total 145408K, used 136153K [0x00000000eab00000, 0x00000000f5100000, 0x0000000100000000)
  eden space 125440K, 99% used [0x00000000eab00000,0x00000000f2503f10,0x00000000f2580000)
  from space 19968K, 56% used [0x00000000f2580000,0x00000000f3072538,0x00000000f3900000)
  to   space 15360K, 0% used [0x00000000f3900000,0x00000000f3900000,0x00000000f4800000)
 ParOldGen       total 44032K, used 43703K [0x00000000c0000000, 0x00000000c2b00000, 0x00000000eab00000)
  object space 44032K, 99% used [0x00000000c0000000,0x00000000c2aadff8,0x00000000c2b00000)
 Metaspace       used 6780K, capacity 7544K, committed 7680K, reserved 1056768K
  class space    used 633K, capacity 688K, committed 768K, reserved 1048576K
GC Heap History (10 events):
Event: 2.079 GC heap before
{Heap before GC invocations=6 (full 0):
 PSYoungGen      total 35328K, used 35327K [0x00000000eab00000, 0x00000000efe00000, 0x0000000100000000)
  eden space 32768K, 100% used [0x00000000eab00000,0x00000000ecb00000,0x00000000ecb00000)
  from space 2560K, 99% used [0x00000000ecb00000,0x00000000ecd7fd40,0x00000000ecd80000)
  to   space 9728K, 0% used [0x00000000ef480000,0x00000000ef480000,0x00000000efe00000)
 ParOldGen       total 44032K, used 13541K [0x00000000c0000000, 0x00000000c2b00000, 0x00000000eab00000)
  object space 44032K, 30% used [0x00000000c0000000,0x00000000c0d396f0,0x00000000c2b00000)
 Metaspace       used 6233K, capacity 7152K, committed 7296K, reserved 1056768K
  class space    used 594K, capacity 616K, committed 640K, reserved 1048576K
Event: 2.135 GC heap after
Heap after GC invocations=6 (full 0):
 PSYoungGen      total 74752K, used 7375K [0x00000000eab00000, 0x00000000eff00000, 0x0000000100000000)
  eden space 65024K, 0% used [0x00000000eab00000,0x00000000eab00000,0x00000000eea80000)
  from space 9728K, 75% used [0x00000000ef480000,0x00000000efbb3d50,0x00000000efe00000)
  to   space 10240K, 0% used [0x00000000eea80000,0x00000000eea80000,0x00000000ef480000)
 ParOldGen       total 44032K, used 13549K [0x00000000c0000000, 0x00000000c2b00000, 0x00000000eab00000)
  object space 44032K, 30% used [0x00000000c0000000,0x00000000c0d3b6f0,0x00000000c2b00000)
 Metaspace       used 6233K, capacity 7152K, committed 7296K, reserved 1056768K
  class space    used 594K, capacity 616K, committed 640K, reserved 1048576K
}
Event: 2.588 GC heap before
{Heap before GC invocations=7 (full 0):
 PSYoungGen      total 74752K, used 72399K [0x00000000eab00000, 0x00000000eff00000, 0x0000000100000000)
  eden space 65024K, 100% used [0x00000000eab00000,0x00000000eea80000,0x00000000eea80000)
  from space 9728K, 75% used [0x00000000ef480000,0x00000000efbb3d50,0x00000000efe00000)
  to   space 10240K, 0% used [0x00000000eea80000,0x00000000eea80000,0x00000000ef480000)
 ParOldGen       total 44032K, used 13549K [0x00000000c0000000, 0x00000000c2b00000, 0x00000000eab00000)
  object space 44032K, 30% used [0x00000000c0000000,0x00000000c0d3b6f0,0x00000000c2b00000)
 Metaspace       used 6318K, capacity 7216K, committed 7296K, reserved 1056768K
  class space    used 594K, capacity 616K, committed 640K, reserved 1048576K
Event: 2.629 GC heap after
Heap after GC invocations=7 (full 0):
 PSYoungGen      total 75264K, used 10223K [0x00000000eab00000, 0x00000000f4800000, 0x0000000100000000)
  eden space 65024K, 0% used [0x00000000eab00000,0x00000000eab00000,0x00000000eea80000)
  from space 10240K, 99% used [0x00000000eea80000,0x00000000ef47bd18,0x00000000ef480000)
  to   space 15360K, 0% used [0x00000000f3900000,0x00000000f3900000,0x00000000f4800000)
 ParOldGen       total 44032K, used 20447K [0x00000000c0000000, 0x00000000c2b00000, 0x00000000eab00000)
  object space 44032K, 46% used [0x00000000c0000000,0x00000000c13f7ca8,0x00000000c2b00000)
 Metaspace       used 6318K, capacity 7216K, committed 7296K, reserved 1056768K
  class space    used 594K, capacity 616K, committed 640K, reserved 1048576K
}
Event: 2.938 GC heap before
{Heap before GC invocations=8 (full 0):
 PSYoungGen      total 75264K, used 75247K [0x00000000eab00000, 0x00000000f4800000, 0x0000000100000000)
  eden space 65024K, 100% used [0x00000000eab00000,0x00000000eea80000,0x00000000eea80000)
  from space 10240K, 99% used [0x00000000eea80000,0x00000000ef47bd18,0x00000000ef480000)
  to   space 15360K, 0% used [0x00000000f3900000,0x00000000f3900000,0x00000000f4800000)
 ParOldGen       total 44032K, used 20447K [0x00000000c0000000, 0x00000000c2b00000, 0x00000000eab00000)
  object space 44032K, 46% used [0x00000000c0000000,0x00000000c13f7ca8,0x00000000c2b00000)
 Metaspace       used 6361K, capacity 7216K, committed 7296K, reserved 1056768K
  class space    used 594K, capacity 616K, committed 640K, reserved 1048576K
Event: 2.977 GC heap after
Heap after GC invocations=8 (full 0):
 PSYoungGen      total 140800K, used 15328K [0x00000000eab00000, 0x00000000f5100000, 0x0000000100000000)
  eden space 125440K, 0% used [0x00000000eab00000,0x00000000eab00000,0x00000000f2580000)
  from space 15360K, 99% used [0x00000000f3900000,0x00000000f47f8020,0x00000000f4800000)
  to   space 19968K, 0% used [0x00000000f2580000,0x00000000f2580000,0x00000000f3900000)
 ParOldGen       total 44032K, used 25419K [0x00000000c0000000, 0x00000000c2b00000, 0x00000000eab00000)
  object space 44032K, 57% used [0x00000000c0000000,0x00000000c18d2d08,0x00000000c2b00000)
 Metaspace       used 6361K, capacity 7216K, committed 7296K, reserved 1056768K
  class space    used 594K, capacity 616K, committed 640K, reserved 1048576K
}
Event: 3.836 GC heap before
{Heap before GC invocations=9 (full 0):
 PSYoungGen      total 140800K, used 140768K [0x00000000eab00000, 0x00000000f5100000, 0x0000000100000000)
  eden space 125440K, 100% used [0x00000000eab00000,0x00000000f2580000,0x00000000f2580000)
  from space 15360K, 99% used [0x00000000f3900000,0x00000000f47f8020,0x00000000f4800000)
  to   space 19968K, 0% used [0x00000000f2580000,0x00000000f2580000,0x00000000f3900000)
 ParOldGen       total 44032K, used 25419K [0x00000000c0000000, 0x00000000c2b00000, 0x00000000eab00000)
  object space 44032K, 57% used [0x00000000c0000000,0x00000000c18d2d08,0x00000000c2b00000)
 Metaspace       used 6469K, capacity 7256K, committed 7424K, reserved 1056768K
  class space    used 614K, capacity 656K, committed 768K, reserved 1048576K
Event: 3.911 GC heap after
Heap after GC invocations=9 (full 0):
 PSYoungGen      total 145408K, used 19948K [0x00000000eab00000, 0x00000000f5100000, 0x0000000100000000)
  eden space 125440K, 0% used [0x00000000eab00000,0x00000000eab00000,0x00000000f2580000)
  from space 19968K, 99% used [0x00000000f2580000,0x00000000f38fb210,0x00000000f3900000)
  to   space 15360K, 0% used [0x00000000f3900000,0x00000000f3900000,0x00000000f4800000)
 ParOldGen       total 44032K, used 39682K [0x00000000c0000000, 0x00000000c2b00000, 0x00000000eab00000)
  object space 44032K, 90% used [0x00000000c0000000,0x00000000c26c0ac8,0x00000000c2b00000)
 Metaspace       used 6469K, capacity 7256K, committed 7424K, reserved 1056768K
  class space    used 614K, capacity 656K, committed 768K, reserved 1048576K
}
Event: 3.911 GC heap before
{Heap before GC invocations=10 (full 1):
 PSYoungGen      total 145408K, used 19948K [0x00000000eab00000, 0x00000000f5100000, 0x0000000100000000)
  eden space 125440K, 0% used [0x00000000eab00000,0x00000000eab00000,0x00000000f2580000)
  from space 19968K, 99% used [0x00000000f2580000,0x00000000f38fb210,0x00000000f3900000)
  to   space 15360K, 0% used [0x00000000f3900000,0x00000000f3900000,0x00000000f4800000)
 ParOldGen       total 44032K, used 39682K [0x00000000c0000000, 0x00000000c2b00000, 0x00000000eab00000)
  object space 44032K, 90% used [0x00000000c0000000,0x00000000c26c0ac8,0x00000000c2b00000)
 Metaspace       used 6469K, capacity 7256K, committed 7424K, reserved 1056768K
  class space    used 614K, capacity 656K, committed 768K, reserved 1048576K
Event: 4.538 GC heap after
Heap after GC invocations=10 (full 1):
 PSYoungGen      total 145408K, used 11209K [0x00000000eab00000, 0x00000000f5100000, 0x0000000100000000)
  eden space 125440K, 0% used [0x00000000eab00000,0x00000000eab00000,0x00000000f2580000)
  from space 19968K, 56% used [0x00000000f2580000,0x00000000f3072538,0x00000000f3900000)
  to   space 15360K, 0% used [0x00000000f3900000,0x00000000f3900000,0x00000000f4800000)
 ParOldGen       total 44032K, used 43703K [0x00000000c0000000, 0x00000000c2b00000, 0x00000000eab00000)
  object space 44032K, 99% used [0x00000000c0000000,0x00000000c2aadff8,0x00000000c2b00000)
 Metaspace       used 6469K, capacity 7256K, committed 7424K, reserved 1056768K
  class space    used 614K, capacity 656K, committed 768K, reserved 1048576K
}

